2022-04-14 18:44:55.062  INFO 34024 --- [main] lavalink.server.Launcher                 : 

[32m       .  [31m _                  _ _       _    [32m__ _ _
[32m      /\\ [31m| | __ ___   ____ _| (_)_ __ | | __[32m\ \ \ \
[32m     ( ( )[31m| |/ _` \ \ / / _` | | | '_ \| |/ /[32m \ \ \ \
[32m      \\/ [31m| | (_| |\ V / (_| | | | | | |   < [32m  ) ) ) )
[32m       '  [31m|_|\__,_| \_/ \__,_|_|_|_| |_|_|\_\[32m / / / /
[0m    =========================================[32m/_/_/_/[0m

	Version:        3.4
	Build:          1257
	Build time:     26.10.2021 14:18:37 UTC
	Branch          master
	Commit:         a364833
	Commit time:    26.10.2021 14:15:20 UTC
	JVM:            16.0.1
	Lavaplayer      1.3.96-original

2022-04-14 18:44:55.163  INFO 34024 --- [main] lavalink.server.Launcher                 : Starting Launcher on DESKTOP-G3RLQU2 with PID 34024 (C:\Users\barte\PycharmProjects\Wattsy\Lavalink.jar started by barte in C:\Users\barte\PycharmProjects\Wattsy)
2022-04-14 18:44:55.163  INFO 34024 --- [main] lavalink.server.Launcher                 : No active profile set, falling back to default profiles: default
2022-04-14 18:44:55.245  WARN 34024 --- [background-preinit] o.s.h.c.j.Jackson2ObjectMapperBuilder    : For Jackson Kotlin classes support please add "com.fasterxml.jackson.module:jackson-module-kotlin" to the classpath
2022-04-14 18:44:56.419  WARN 34024 --- [main] io.undertow.websockets.jsr               : UT026010: Buffer pool was not set on WebSocketDeploymentInfo, the default pool will be used
2022-04-14 18:44:56.440  INFO 34024 --- [main] io.undertow.servlet                      : Initializing Spring embedded WebApplicationContext
2022-04-14 18:44:56.440  INFO 34024 --- [main] o.s.web.context.ContextLoader            : Root WebApplicationContext: initialization completed in 1234 ms
2022-04-14 18:44:56.773  WARN 34024 --- [main] l.server.config.SentryConfiguration      : Turning off sentry
2022-04-14 18:44:57.075  INFO 34024 --- [main] c.s.d.l.tools.GarbageCollectionMonitor   : GC monitoring enabled, reporting results every 2 minutes.
2022-04-14 18:44:57.329  INFO 34024 --- [main] lavalink.server.config.KoeConfiguration  : OS: Windows 10, Arch: amd64
2022-04-14 18:44:57.330  WARN 34024 --- [main] lavalink.server.config.KoeConfiguration  : This system and architecture appears to not support native audio sending! GC pauses may cause your bot to stutter during playback.
2022-04-14 18:44:57.684  INFO 34024 --- [main] o.s.s.concurrent.ThreadPoolTaskExecutor  : Initializing ExecutorService 'applicationTaskExecutor'
2022-04-14 18:44:58.072  INFO 34024 --- [main] org.xnio                                 : XNIO version 3.3.8.Final
2022-04-14 18:44:58.086  INFO 34024 --- [main] org.xnio.nio                             : XNIO NIO Implementation Version 3.3.8.Final
2022-04-14 18:44:58.186  INFO 34024 --- [main] o.s.b.w.e.u.UndertowServletWebServer     : Undertow started on port(s) 2333 (http) with context path ''
2022-04-14 18:44:58.192  INFO 34024 --- [main] lavalink.server.Launcher                 : Started Launcher in 3.621 seconds (JVM running for 4.284)
2022-04-14 18:44:58.194  INFO 34024 --- [main] lavalink.server.Launcher                 : You can safely ignore the big red warning about illegal reflection. See https://github.com/freyacodes/Lavalink/issues/295
2022-04-14 18:45:12.210  INFO 34024 --- [XNIO-1 task-1] io.undertow.servlet                      : Initializing Spring DispatcherServlet 'dispatcherServlet'
2022-04-14 18:45:12.210  INFO 34024 --- [XNIO-1 task-1] o.s.web.servlet.DispatcherServlet        : Initializing Servlet 'dispatcherServlet'
2022-04-14 18:45:12.218  INFO 34024 --- [XNIO-1 task-1] o.s.web.servlet.DispatcherServlet        : Completed initialization in 6 ms
2022-04-14 18:45:12.234  INFO 34024 --- [XNIO-1 task-1] l.server.io.HandshakeInterceptorImpl     : Incoming connection from /127.0.0.1:51169
2022-04-14 18:45:12.289  INFO 34024 --- [XNIO-1 task-1] lavalink.server.io.SocketServer          : Connection successfully established from Lavalink.py
2022-04-14 18:45:12.303  INFO 34024 --- [XNIO-1 I/O-5] lavalink.server.io.SocketServer          : {"op": "configureResuming", "key": "default-node", "timeout": 60}
2022-04-14 18:45:46.360  INFO 34024 --- [XNIO-1 task-2] l.server.player.AudioLoaderRestHandler   : Got request to load for identifier "https://www.youtube.com/watch?v=t-olf3xtixU&list=PLJkWeC1dpOaIa0dmuoIHq2PnKPayC5tFs"
2022-04-14 18:45:47.242  INFO 34024 --- [lava-daemon-pool-info-loader-2-thread-1] lavalink.server.player.AudioLoader       : Loaded playlist Hotline Miami 1 & 2 Soundtracks (OST) Complete
2022-04-14 18:45:47.583  INFO 34024 --- [XNIO-1 I/O-5] lavalink.server.io.SocketServer          : {"op": "play", "guildId": "505821233842225188", "track": "QAAAkgIAM0hvdGxpbmUgTWlhbWkgMjogV3JvbmcgTnVtYmVyIFNvdW5kdHJhY2sgLSBVbnRpdGxlZAAFRy1NYW4AAAAAAAVHkAALdC1vbGYzeHRpeFUAAQAraHR0cHM6Ly93d3cueW91dHViZS5jb20vd2F0Y2g/dj10LW9sZjN4dGl4VQAHeW91dHViZQAAAAAAAAAA", "startTime": 0, "endTime": 0, "noReplace": false}
